TN:
SF:/Users/cristianberrios/medix/src/medix.ts
FN:1,(anonymous_0)
FN:2,MediatorQuery
FN:5,(anonymous_2)
FN:12,(anonymous_3)
FN:13,Mediator
FN:16,(anonymous_5)
FN:27,(anonymous_6)
FN:28,(anonymous_7)
FNF:8
FNH:7
FNDA:1,(anonymous_0)
FNDA:1,MediatorQuery
FNDA:1,(anonymous_2)
FNDA:1,(anonymous_3)
FNDA:3,Mediator
FNDA:3,(anonymous_5)
FNDA:3,(anonymous_6)
FNDA:0,(anonymous_7)
DA:1,1
DA:3,1
DA:5,1
DA:6,1
DA:8,1
DA:12,1
DA:14,3
DA:16,1
DA:17,3
DA:18,3
DA:19,3
DA:20,3
DA:21,3
DA:22,3
DA:24,0
DA:25,0
DA:27,1
DA:28,3
DA:29,0
DA:30,0
DA:32,3
DA:33,3
DA:34,0
DA:35,0
DA:37,3
DA:38,1
DA:39,1
DA:40,1
DA:42,0
DA:44,2
DA:45,0
DA:46,0
DA:47,0
DA:48,0
DA:50,0
DA:52,2
DA:53,2
DA:54,2
DA:56,0
DA:58,1
LF:40
LH:27
BRDA:18,0,0,3
BRDA:18,0,1,0
BRDA:20,1,0,3
BRDA:20,1,1,0
BRDA:24,2,0,0
BRDA:24,2,1,0
BRDA:29,3,0,0
BRDA:29,3,1,0
BRDA:33,4,0,0
BRDA:33,4,1,3
BRDA:37,5,0,1
BRDA:37,5,1,2
BRDA:37,6,0,3
BRDA:37,6,1,1
BRDA:39,7,0,1
BRDA:39,7,1,0
BRDA:44,8,0,0
BRDA:44,8,1,2
BRDA:46,9,0,0
BRDA:46,9,1,0
BRDA:53,10,0,2
BRDA:53,10,1,0
BRF:22
BRH:10
end_of_record
